<?xml version="1.0" encoding="UTF-8"?>
<!-- Generated by org.testng.reporters.JUnitXMLReporter -->
<testsuite ignored="0" hostname="LAPTOP-GAUPM6CM" failures="0" tests="4" name="Regression Tests" time="23.878" errors="0" timestamp="2023-02-11T12:52:36 IST">
  <testcase classname="testscripts.regression.ValidateLoginDataProvider" name="validateLoginTest" time="6.775"/>
  <testcase classname="testscripts.regression.ValidateLoginDataProvider" name="validateLoginTest" time="5.362"/>
  <testcase classname="testscripts.regression.ValidateLoginDataProvider" name="validateLoginTest" time="5.21"/>
  <testcase classname="testscripts.regression.ValidateLoginDataProvider" name="validateLoginTest" time="5.333"/>
</testsuite> <!-- Regression Tests -->
