<?xml version="1.0" encoding="UTF-8"?>
<testng-results ignored="0" total="4" passed="4" failed="0" skipped="0">
  <reporter-output>
  </reporter-output>
  <suite started-at="2023-02-11T12:52:12 IST" name="Suite" finished-at="2023-02-11T12:52:36 IST" duration-ms="23878">
    <groups>
    </groups>
    <test started-at="2023-02-11T12:52:12 IST" name="Regression Tests" finished-at="2023-02-11T12:52:36 IST" duration-ms="23878">
      <class name="testscripts.regression.ValidateLoginDataProvider">
        <test-method is-config="true" signature="beforeTest(org.testng.ITestContext)[pri:0, instance:testscripts.regression.ValidateLoginDataProvider@4686afc2]" started-at="2023-02-11T12:52:12 IST" name="beforeTest" finished-at="2023-02-11T12:52:12 IST" duration-ms="246" status="PASS">
          <params>
            <param index="0">
              <value>
                <![CDATA[org.testng.TestRunner@7cca31fc]]>
              </value>
            </param>
          </params>
          <reporter-output>
          </reporter-output>
        </test-method> <!-- beforeTest -->
        <test-method is-config="true" signature="beforeMethod(org.testng.ITestContext)[pri:0, instance:testscripts.regression.ValidateLoginDataProvider@4686afc2]" started-at="2023-02-11T12:52:13 IST" name="beforeMethod" finished-at="2023-02-11T12:52:13 IST" duration-ms="1" status="PASS">
          <params>
            <param index="0">
              <value>
                <![CDATA[org.testng.TestRunner@7cca31fc]]>
              </value>
            </param>
          </params>
          <reporter-output>
          </reporter-output>
        </test-method> <!-- beforeMethod -->
        <test-method signature="validateLoginTest(java.lang.String,java.lang.String,java.lang.String)[pri:0, instance:testscripts.regression.ValidateLoginDataProvider@4686afc2]" started-at="2023-02-11T12:52:13 IST" name="validateLoginTest" data-provider="getData" finished-at="2023-02-11T12:52:20 IST" duration-ms="6775" status="PASS">
          <params>
            <param index="0">
              <value>
                <![CDATA[reyaz0617]]>
              </value>
            </param>
            <param index="1">
              <value>
                <![CDATA[reyaz123]]>
              </value>
            </param>
            <param index="2">
              <value>
                <![CDATA[Adactin.com - Search Hotel]]>
              </value>
            </param>
          </params>
          <reporter-output>
          </reporter-output>
        </test-method> <!-- validateLoginTest -->
        <test-method is-config="true" signature="afterMethod(org.testng.ITestContext)[pri:0, instance:testscripts.regression.ValidateLoginDataProvider@4686afc2]" started-at="2023-02-11T12:52:20 IST" name="afterMethod" finished-at="2023-02-11T12:52:20 IST" duration-ms="0" status="PASS">
          <params>
            <param index="0">
              <value>
                <![CDATA[org.testng.TestRunner@7cca31fc]]>
              </value>
            </param>
          </params>
          <reporter-output>
          </reporter-output>
        </test-method> <!-- afterMethod -->
        <test-method signature="validateLoginTest(java.lang.String,java.lang.String,java.lang.String)[pri:0, instance:testscripts.regression.ValidateLoginDataProvider@4686afc2]" started-at="2023-02-11T12:52:20 IST" name="validateLoginTest" data-provider="getData" finished-at="2023-02-11T12:52:25 IST" duration-ms="5362" status="PASS">
          <params>
            <param index="0">
              <value>
                <![CDATA[reyaz0617]]>
              </value>
            </param>
            <param index="1">
              <value>
                <![CDATA[reyaz456]]>
              </value>
            </param>
            <param index="2">
              <value>
                <![CDATA[Adactin.com - Hotel Reservation System]]>
              </value>
            </param>
          </params>
          <reporter-output>
          </reporter-output>
        </test-method> <!-- validateLoginTest -->
        <test-method is-config="true" signature="beforeMethod(org.testng.ITestContext)[pri:0, instance:testscripts.regression.ValidateLoginDataProvider@4686afc2]" started-at="2023-02-11T12:52:20 IST" name="beforeMethod" finished-at="2023-02-11T12:52:20 IST" duration-ms="0" status="PASS">
          <params>
            <param index="0">
              <value>
                <![CDATA[org.testng.TestRunner@7cca31fc]]>
              </value>
            </param>
          </params>
          <reporter-output>
          </reporter-output>
        </test-method> <!-- beforeMethod -->
        <test-method is-config="true" signature="afterMethod(org.testng.ITestContext)[pri:0, instance:testscripts.regression.ValidateLoginDataProvider@4686afc2]" started-at="2023-02-11T12:52:25 IST" name="afterMethod" finished-at="2023-02-11T12:52:25 IST" duration-ms="0" status="PASS">
          <params>
            <param index="0">
              <value>
                <![CDATA[org.testng.TestRunner@7cca31fc]]>
              </value>
            </param>
          </params>
          <reporter-output>
          </reporter-output>
        </test-method> <!-- afterMethod -->
        <test-method is-config="true" signature="beforeMethod(org.testng.ITestContext)[pri:0, instance:testscripts.regression.ValidateLoginDataProvider@4686afc2]" started-at="2023-02-11T12:52:25 IST" name="beforeMethod" finished-at="2023-02-11T12:52:25 IST" duration-ms="0" status="PASS">
          <params>
            <param index="0">
              <value>
                <![CDATA[org.testng.TestRunner@7cca31fc]]>
              </value>
            </param>
          </params>
          <reporter-output>
          </reporter-output>
        </test-method> <!-- beforeMethod -->
        <test-method signature="validateLoginTest(java.lang.String,java.lang.String,java.lang.String)[pri:0, instance:testscripts.regression.ValidateLoginDataProvider@4686afc2]" started-at="2023-02-11T12:52:25 IST" name="validateLoginTest" data-provider="getData" finished-at="2023-02-11T12:52:30 IST" duration-ms="5210" status="PASS">
          <params>
            <param index="0">
              <value>
                <![CDATA[reyaz1212]]>
              </value>
            </param>
            <param index="1">
              <value>
                <![CDATA[reyaz123]]>
              </value>
            </param>
            <param index="2">
              <value>
                <![CDATA[Adactin.com - Hotel Reservation System]]>
              </value>
            </param>
          </params>
          <reporter-output>
          </reporter-output>
        </test-method> <!-- validateLoginTest -->
        <test-method is-config="true" signature="beforeMethod(org.testng.ITestContext)[pri:0, instance:testscripts.regression.ValidateLoginDataProvider@4686afc2]" started-at="2023-02-11T12:52:30 IST" name="beforeMethod" finished-at="2023-02-11T12:52:30 IST" duration-ms="1" status="PASS">
          <params>
            <param index="0">
              <value>
                <![CDATA[org.testng.TestRunner@7cca31fc]]>
              </value>
            </param>
          </params>
          <reporter-output>
          </reporter-output>
        </test-method> <!-- beforeMethod -->
        <test-method is-config="true" signature="afterMethod(org.testng.ITestContext)[pri:0, instance:testscripts.regression.ValidateLoginDataProvider@4686afc2]" started-at="2023-02-11T12:52:30 IST" name="afterMethod" finished-at="2023-02-11T12:52:30 IST" duration-ms="0" status="PASS">
          <params>
            <param index="0">
              <value>
                <![CDATA[org.testng.TestRunner@7cca31fc]]>
              </value>
            </param>
          </params>
          <reporter-output>
          </reporter-output>
        </test-method> <!-- afterMethod -->
        <test-method signature="validateLoginTest(java.lang.String,java.lang.String,java.lang.String)[pri:0, instance:testscripts.regression.ValidateLoginDataProvider@4686afc2]" started-at="2023-02-11T12:52:30 IST" name="validateLoginTest" data-provider="getData" finished-at="2023-02-11T12:52:36 IST" duration-ms="5333" status="PASS">
          <params>
            <param index="0">
              <value>
                <![CDATA[reyaz1212]]>
              </value>
            </param>
            <param index="1">
              <value>
                <![CDATA[reyaz456]]>
              </value>
            </param>
            <param index="2">
              <value>
                <![CDATA[Adactin.com - Hotel Reservation System]]>
              </value>
            </param>
          </params>
          <reporter-output>
          </reporter-output>
        </test-method> <!-- validateLoginTest -->
        <test-method is-config="true" signature="afterMethod(org.testng.ITestContext)[pri:0, instance:testscripts.regression.ValidateLoginDataProvider@4686afc2]" started-at="2023-02-11T12:52:36 IST" name="afterMethod" finished-at="2023-02-11T12:52:36 IST" duration-ms="0" status="PASS">
          <params>
            <param index="0">
              <value>
                <![CDATA[org.testng.TestRunner@7cca31fc]]>
              </value>
            </param>
          </params>
          <reporter-output>
          </reporter-output>
        </test-method> <!-- afterMethod -->
        <test-method is-config="true" signature="afterTest(org.testng.ITestContext)[pri:0, instance:testscripts.regression.ValidateLoginDataProvider@4686afc2]" started-at="2023-02-11T12:52:36 IST" name="afterTest" finished-at="2023-02-11T12:52:36 IST" duration-ms="222" status="PASS">
          <params>
            <param index="0">
              <value>
                <![CDATA[org.testng.TestRunner@7cca31fc]]>
              </value>
            </param>
          </params>
          <reporter-output>
          </reporter-output>
        </test-method> <!-- afterTest -->
      </class> <!-- testscripts.regression.ValidateLoginDataProvider -->
    </test> <!-- Regression Tests -->
  </suite> <!-- Suite -->
</testng-results>
